2026-04-27 19:20:32,874 - INFO - The program started
2026-04-27 19:20:33,426 - INFO - Data loaded successfully for BZ=F
2026-04-27 19:20:34,028 - INFO - Data loaded successfully for NG=F
2026-04-27 19:20:34,502 - INFO - Data loaded successfully for GC=F
2026-04-27 19:20:34,930 - INFO - Data loaded successfully for SI=F
2026-04-27 19:20:35,488 - INFO - Data loaded successfully for GSG
2026-04-27 19:20:35,979 - INFO - Data loaded successfully for DX-Y.NYB
2026-04-27 19:25:20,298 - INFO - The program started
2026-04-27 19:25:20,851 - INFO - Data loaded successfully for BZ=F
2026-04-27 19:25:21,350 - INFO - Data loaded successfully for NG=F
2026-04-27 19:25:22,161 - INFO - Data loaded successfully for GC=F
2026-04-27 19:25:22,696 - INFO - Data loaded successfully for SI=F
2026-04-27 19:25:23,079 - INFO - Data loaded successfully for GSG
2026-04-27 19:25:23,664 - INFO - Data loaded successfully for DX-Y.NYB
2026-04-27 19:25:40,261 - INFO - The program started
2026-04-27 19:25:40,741 - INFO - Data loaded successfully for BZ=F
2026-04-27 19:25:41,261 - INFO - Data loaded successfully for NG=F
2026-04-27 19:25:41,750 - INFO - Data loaded successfully for GC=F
2026-04-27 19:25:42,298 - INFO - Data loaded successfully for SI=F
2026-04-27 19:25:42,666 - INFO - Data loaded successfully for GSG
2026-04-27 19:25:43,171 - INFO - Data loaded successfully for DX-Y.NYB
2026-04-27 19:27:28,295 - INFO - The program started
2026-04-27 19:27:28,839 - INFO - Data loaded successfully for BZ=F
2026-04-27 19:27:29,281 - INFO - Data loaded successfully for NG=F
2026-04-27 19:27:29,774 - INFO - Data loaded successfully for GC=F
2026-04-27 19:27:30,300 - INFO - Data loaded successfully for SI=F
2026-04-27 19:27:30,834 - INFO - Data loaded successfully for GSG
2026-04-27 19:27:31,340 - INFO - Data loaded successfully for DX-Y.NYB
2026-04-27 19:28:01,079 - INFO - The program started
2026-04-27 19:28:01,566 - INFO - Data loaded successfully for BZ=F
2026-04-27 19:28:02,054 - INFO - Data loaded successfully for NG=F
2026-04-27 19:28:02,795 - INFO - Data loaded successfully for GC=F
2026-04-27 19:28:03,306 - INFO - Data loaded successfully for SI=F
2026-04-27 19:28:03,809 - INFO - Data loaded successfully for GSG
2026-04-27 19:28:04,237 - INFO - Data loaded successfully for DX-Y.NYB
2026-04-27 19:28:04,380 - INFO - The program finished
2026-04-27 19:41:36,965 - INFO - The program started
2026-04-27 19:41:37,478 - INFO - Data loaded successfully for BZ=F
2026-04-27 19:41:37,967 - INFO - Data loaded successfully for NG=F
2026-04-27 19:41:38,531 - INFO - Data loaded successfully for GC=F
2026-04-27 19:41:39,048 - INFO - Data loaded successfully for SI=F
2026-04-27 19:41:39,519 - INFO - Data loaded successfully for GSG
2026-04-27 19:41:40,020 - INFO - Data loaded successfully for DX-Y.NYB
2026-04-27 19:45:17,504 - INFO - The program started
2026-04-27 19:45:18,071 - INFO - Data loaded successfully for BZ=F
2026-04-27 19:45:18,583 - INFO - Data loaded successfully for NG=F
2026-04-27 19:45:19,054 - INFO - Data loaded successfully for GC=F
2026-04-27 19:45:19,569 - INFO - Data loaded successfully for SI=F
2026-04-27 19:45:19,953 - INFO - Data loaded successfully for GSG
2026-04-27 19:45:20,408 - INFO - Data loaded successfully for DX-Y.NYB
2026-04-27 19:48:29,698 - INFO - The program started
2026-04-27 19:48:30,358 - INFO - Data loaded successfully for BZ=F
2026-04-27 19:48:30,822 - INFO - Data loaded successfully for NG=F
2026-04-27 19:48:31,273 - INFO - Data loaded successfully for GC=F
2026-04-27 19:48:31,836 - INFO - Data loaded successfully for SI=F
2026-04-27 19:48:32,248 - INFO - Data loaded successfully for GSG
2026-04-27 19:48:32,754 - INFO - Data loaded successfully for DX-Y.NYB
2026-04-27T19:58:06.909697+0100 - INFO - The program started
2026-04-27T19:58:07.434991+0100 - INFO - Data loaded successfully for BZ=F: $101.52
2026-04-27T19:58:07.487306+0100 - INFO - Saved hourly data for brent_oil
2026-04-27T19:58:07.967989+0100 - INFO - Data loaded successfully for NG=F: $2.735
2026-04-27T19:58:08.002726+0100 - INFO - Saved hourly data for natural_gas
2026-04-27T19:58:08.520343+0100 - INFO - Data loaded successfully for GC=F: $4697.9
2026-04-27T19:58:08.555947+0100 - INFO - Saved hourly data for gold
2026-04-27T19:58:09.148836+0100 - INFO - Data loaded successfully for SI=F: $75.615
2026-04-27T19:58:09.186792+0100 - INFO - Saved hourly data for silver
2026-04-27T19:58:09.521190+0100 - INFO - Data loaded successfully for GSG: $32.92
2026-04-27T19:58:09.543959+0100 - INFO - Saved hourly data for all_commodities_index
2026-04-27T19:58:09.973891+0100 - ERROR - Error processing DX-Y.NYB: 'regularMarketVolume'
Traceback (most recent call last):

  File "C:\Users\R_jaballi\Desktop\DE_PROJECT\GeoEvent-Market-Intelligence-Platform\geo-event-pipeline\ingestion\prices\explore_yfinanc.py", line 84, in <module>
    current, df_hourly = explore_commodity(ticker, "1m", "7d")
    │                    │                 └ 'DX-Y.NYB'
    │                    └ <function explore_commodity at 0x000001F2FFC960C0>
    └ {'symbol': 'GSG', 'price': 32.92, 'previous_close': 32.58, 'day_high': 33.12, 'day_low': 32.79, 'volume': 517691, '52w_high':...

> File "C:\Users\R_jaballi\Desktop\DE_PROJECT\GeoEvent-Market-Intelligence-Platform\geo-event-pipeline\ingestion\prices\explore_yfinanc.py", line 53, in explore_commodity
    'volume': meta['regularMarketVolume'],
              └ {'currency': 'USD', 'symbol': 'DX-Y.NYB', 'exchangeName': 'NYB', 'fullExchangeName': 'ICE Futures', 'instrumentType': 'INDEX'...

KeyError: 'regularMarketVolume'
2026-04-27T19:58:09.973891+0100 - WARNING - Skipping dollar_index - failed to fetch
2026-04-27T19:58:09.990369+0100 - SUCCESS - Program finished - Saved data for 5 commodities
2026-04-27T20:00:54.837593+0100 - INFO - The program started
2026-04-27T20:00:55.405609+0100 - INFO - Data loaded successfully for BZ=F: $101.57
2026-04-27T20:00:55.451601+0100 - INFO - Saved hourly data for brent_oil
2026-04-27T20:00:55.951730+0100 - INFO - Data loaded successfully for NG=F: $2.733
2026-04-27T20:00:55.989926+0100 - INFO - Saved hourly data for natural_gas
2026-04-27T20:00:56.552523+0100 - INFO - Data loaded successfully for GC=F: $4699.5
2026-04-27T20:00:56.586850+0100 - INFO - Saved hourly data for gold
2026-04-27T20:00:57.156224+0100 - INFO - Data loaded successfully for SI=F: $75.705
2026-04-27T20:00:57.194422+0100 - INFO - Saved hourly data for silver
2026-04-27T20:00:57.607086+0100 - INFO - Data loaded successfully for GSG: $32.915
2026-04-27T20:00:57.627291+0100 - INFO - Saved hourly data for all_commodities_index
2026-04-27T20:00:58.116677+0100 - INFO - Data loaded successfully for DX-Y.NYB: $98.473
2026-04-27T20:00:58.152238+0100 - INFO - Saved hourly data for dollar_index
2026-04-27T20:00:58.152238+0100 - SUCCESS - Program finished - Saved data for 6 commodities
2026-04-27T20:01:40.769809+0100 - INFO - The program started
2026-04-27T20:01:41.266788+0100 - INFO - Data loaded successfully for BZ=F: $101.57
2026-04-27T20:01:41.306678+0100 - INFO - Saved hourly data for brent_oil
2026-04-27T20:01:41.853117+0100 - INFO - Data loaded successfully for NG=F: $2.735
2026-04-27T20:01:41.890963+0100 - INFO - Saved hourly data for natural_gas
2026-04-27T20:01:42.447546+0100 - INFO - Data loaded successfully for GC=F: $4699.0
2026-04-27T20:01:42.487569+0100 - INFO - Saved hourly data for gold
2026-04-27T20:01:43.069172+0100 - INFO - Data loaded successfully for SI=F: $75.66
2026-04-27T20:01:43.119709+0100 - INFO - Saved hourly data for silver
2026-04-27T20:01:43.641911+0100 - INFO - Data loaded successfully for GSG: $32.915
2026-04-27T20:01:43.662458+0100 - INFO - Saved hourly data for all_commodities_index
2026-04-27T20:01:44.178876+0100 - INFO - Data loaded successfully for DX-Y.NYB: $98.482
2026-04-27T20:01:44.223267+0100 - INFO - Saved hourly data for dollar_index
2026-04-27T20:01:44.225713+0100 - SUCCESS - Program finished - Saved data for 6 commodities
2026-04-27T20:03:12.387210+0100 - INFO - The program started
2026-04-27T20:03:12.920110+0100 - INFO - Data loaded successfully for BZ=F: $101.59
2026-04-27T20:03:12.953414+0100 - INFO - Saved hourly data for brent_oil
2026-04-27T20:03:13.490851+0100 - INFO - Data loaded successfully for NG=F: $2.735
2026-04-27T20:03:13.528221+0100 - INFO - Saved hourly data for natural_gas
2026-04-27T20:03:14.087447+0100 - INFO - Data loaded successfully for GC=F: $4699.1
2026-04-27T20:03:14.127651+0100 - INFO - Saved hourly data for gold
2026-04-27T20:03:14.678097+0100 - INFO - Data loaded successfully for SI=F: $75.68
2026-04-27T20:03:14.723414+0100 - INFO - Saved hourly data for silver
2026-04-27T20:03:15.116155+0100 - INFO - Data loaded successfully for GSG: $32.92
2026-04-27T20:03:15.133249+0100 - INFO - Saved hourly data for all_commodities_index
2026-04-27T20:03:15.694537+0100 - INFO - Data loaded successfully for DX-Y.NYB: $98.491
2026-04-27T20:03:15.737313+0100 - INFO - Saved hourly data for dollar_index
2026-04-27T20:03:15.739846+0100 - SUCCESS - Program finished - Saved data for 6 commodities
2026-04-27 20:07:42,618 - INFO - The program started
2026-04-27 20:07:43,205 - INFO - Data loaded successfully for BZ=F
2026-04-27 20:07:43,701 - INFO - Data loaded successfully for NG=F
2026-04-27 20:07:44,169 - INFO - Data loaded successfully for GC=F
2026-04-27 20:07:44,686 - INFO - Data loaded successfully for SI=F
2026-04-27 20:07:45,155 - INFO - Data loaded successfully for GSG
2026-04-27 20:07:45,800 - INFO - Data loaded successfully for DX-Y.NYB
2026-04-27 20:07:58,929 - INFO - The program started
2026-04-27 20:07:59,467 - INFO - Data loaded successfully for BZ=F
2026-04-27 20:07:59,948 - INFO - Data loaded successfully for NG=F
2026-04-27 20:08:00,466 - INFO - Data loaded successfully for GC=F
2026-04-27 20:08:01,143 - INFO - Data loaded successfully for SI=F
2026-04-27 20:08:01,548 - INFO - Data loaded successfully for GSG
2026-04-27 20:08:02,275 - INFO - Data loaded successfully for DX-Y.NYB
2026-04-27 20:08:02,516 - INFO - The program finished
